<?xml version="1.0" encoding="UTF-8"?>
<!-- Generated by org.testng.reporters.JUnitReportReporter -->
<testsuite hostname="DESKTOP-EFLV044" failures="0" tests="1" name="com.actitime.testscript.CustomerModule" time="0.015" errors="0" timestamp="2023-06-07T12:51:54 IST" skipped="0">
  <testcase classname="com.actitime.testscript.CustomerModule" name="createCust" time="0.015"/>
  <system-out>
    <![CDATA[ashdsadj]]>
  </system-out>
</testsuite> <!-- com.actitime.testscript.CustomerModule -->
